#
# There is insufficient memory for the Java Runtime Environment to continue.
# Native memory allocation (malloc) failed to allocate 765216 bytes for Chunk::new
# Possible reasons:
#   The system is out of physical RAM or swap space
#   In 32 bit mode, the process size limit was hit
# Possible solutions:
#   Reduce memory load on the system
#   Increase physical memory or swap space
#   Check if swap backing store is full
#   Use 64 bit Java on a 64 bit OS
#   Decrease Java heap size (-Xmx/-Xms)
#   Decrease number of Java threads
#   Decrease Java thread stack sizes (-Xss)
#   Set larger code cache with -XX:ReservedCodeCacheSize=
# This output file may be truncated or incomplete.
#
#  Out of Memory Error (allocation.cpp:390), pid=24844, tid=0x0000000000002bb4
#
# JRE version: Java(TM) SE Runtime Environment (8.0_92-b14) (build 1.8.0_92-b14)
# Java VM: Java HotSpot(TM) 64-Bit Server VM (25.92-b14 mixed mode windows-amd64 compressed oops)
# Failed to write core dump. Minidumps are not enabled by default on client versions of Windows
#

---------------  T H R E A D  ---------------

Current thread (0x000000001e1c8800):  JavaThread "C2 CompilerThread0" daemon [_thread_in_native, id=11188, stack(0x000000001e9d0000,0x000000001ead0000)]

Stack: [0x000000001e9d0000,0x000000001ead0000]
[error occurred during error reporting (printing stack bounds), id 0xc0000005]

Native frames: (J=compiled Java code, j=interpreted, Vv=VM code, C=native code)


Current CompileTask:
C2:   2398 1685       4       java.net.URLClassLoader$1::run (5 bytes)


---------------  P R O C E S S  ---------------

Java Threads: ( => current thread )
  0x000000001e20b000 JavaThread "Service Thread" daemon [_thread_blocked, id=21980, stack(0x000000001edd0000,0x000000001eed0000)]
  0x000000001e1dd800 JavaThread "C1 CompilerThread3" daemon [_thread_blocked, id=26016, stack(0x000000001ecd0000,0x000000001edd0000)]
  0x000000001e1cd000 JavaThread "C2 CompilerThread2" daemon [_thread_in_vm, id=13856, stack(0x000000001ebd0000,0x000000001ecd0000)]
  0x000000001e1ca800 JavaThread "C2 CompilerThread1" daemon [_thread_blocked, id=26184, stack(0x000000001ead0000,0x000000001ebd0000)]
=>0x000000001e1c8800 JavaThread "C2 CompilerThread0" daemon [_thread_in_native, id=11188, stack(0x000000001e9d0000,0x000000001ead0000)]
  0x000000001e1d6000 JavaThread "Attach Listener" daemon [_thread_blocked, id=46756, stack(0x000000001e8d0000,0x000000001e9d0000)]
  0x000000001e1d5000 JavaThread "Signal Dispatcher" daemon [_thread_blocked, id=5912, stack(0x000000001e7d0000,0x000000001e8d0000)]
  0x000000001e1c0800 JavaThread "Finalizer" daemon [_thread_blocked, id=24000, stack(0x000000001e5a0000,0x000000001e6a0000)]
  0x0000000002828800 JavaThread "Reference Handler" daemon [_thread_blocked, id=43400, stack(0x000000001e0a0000,0x000000001e1a0000)]
  0x000000000255d800 JavaThread "main" [_thread_in_Java, id=45876, stack(0x0000000002630000,0x0000000002730000)]

Other Threads:
  0x000000000431a000 VMThread [stack: 0x000000001dfa0000,0x000000001e0a0000] [id=47324]
  0x000000001e210800 WatcherThread [stack: 0x000000001eed0000,0x000000001efd0000] [id=24556]

VM state:not at safepoint (normal execution)

VM Mutex/Monitor currently owned by a thread: None

Heap:
 PSYoungGen      total 75776K, used 35253K [0x000000076b700000, 0x0000000770b80000, 0x00000007c0000000)
  eden space 65024K, 38% used [0x000000076b700000,0x000000076cf49bc0,0x000000076f680000)
  from space 10752K, 96% used [0x000000076f680000,0x00000007700a3ae0,0x0000000770100000)
  to   space 10752K, 0% used [0x0000000770100000,0x0000000770100000,0x0000000770b80000)
 ParOldGen       total 173568K, used 16K [0x00000006c2400000, 0x00000006ccd80000, 0x000000076b700000)
  object space 173568K, 0% used [0x00000006c2400000,0x00000006c2404000,0x00000006ccd80000)
 Metaspace       used 15188K, capacity 15464K, committed 15616K, reserved 1062912K
  class space    used 1848K, capacity 1942K, committed 2048K, reserved 1048576K

Card table byte_map: [0x0000000002bf0000,0x00000000033e0000] byte_map_base: 0xffffffffff5de000

Marking Bits: (ParMarkBitMap*) 0x000000006f1c64f0
 Begin Bits: [0x0000000013840000, 0x00000000177b0000)
 End Bits:   [0x00000000177b0000, 0x000000001b720000)

Polling page: 0x00000000024b0000

CodeCache: size=245760Kb used=5879Kb max_used=5893Kb free=239880Kb
 bounds [0x0000000004840000, 0x0000000004e10000, 0x0000000013840000]
 total_blobs=2091 nmethods=1724 adapters=279
 compilation: enabled

Compilation events (10 events):
Event: 2.375 Thread 0x000000001e1dd800 1724       3       java.util.regex.Matcher::match (109 bytes)
Event: 2.375 Thread 0x000000001e1dd800 nmethod 1724 0x0000000004dfc690 code [0x0000000004dfc820, 0x0000000004dfcc28]
Event: 2.375 Thread 0x000000001e1dd800 1723       3       org.eclipse.aether.repository.RemoteRepository::hash (13 bytes)
Event: 2.375 Thread 0x000000001e1dd800 nmethod 1723 0x0000000004dff450 code [0x0000000004dff5c0, 0x0000000004dff808]
Event: 2.376 Thread 0x000000001e1dd800 1718       1       org.apache.maven.model.Developer::getId (5 bytes)
Event: 2.376 Thread 0x000000001e1dd800 nmethod 1718 0x0000000004dfc390 code [0x0000000004dfc4e0, 0x0000000004dfc5f0]
Event: 2.380 Thread 0x000000001e1cd000 nmethod 1711 0x0000000004e02310 code [0x0000000004e02460, 0x0000000004e028f8]
Event: 2.380 Thread 0x000000001e1cd000 1719       4       java.lang.StringBuilder::append (8 bytes)
Event: 2.382 Thread 0x000000001e1cd000 nmethod 1719 0x0000000004e02c10 code [0x0000000004e02d60, 0x0000000004e03058]
Event: 2.388 Thread 0x000000001e1ca800 nmethod 1695 0x0000000004e05950 code [0x0000000004e05ba0, 0x0000000004e06ad8]

GC Heap History (2 events):
Event: 1.917 GC heap before
{Heap before GC invocations=1 (full 0):
 PSYoungGen      total 75776K, used 65024K [0x000000076b700000, 0x0000000770b80000, 0x00000007c0000000)
  eden space 65024K, 100% used [0x000000076b700000,0x000000076f680000,0x000000076f680000)
  from space 10752K, 0% used [0x0000000770100000,0x0000000770100000,0x0000000770b80000)
  to   space 10752K, 0% used [0x000000076f680000,0x000000076f680000,0x0000000770100000)
 ParOldGen       total 173568K, used 0K [0x00000006c2400000, 0x00000006ccd80000, 0x000000076b700000)
  object space 173568K, 0% used [0x00000006c2400000,0x00000006c2400000,0x00000006ccd80000)
 Metaspace       used 12013K, capacity 12206K, committed 12416K, reserved 1060864K
  class space    used 1477K, capacity 1573K, committed 1664K, reserved 1048576K
Event: 1.927 GC heap after
Heap after GC invocations=1 (full 0):
 PSYoungGen      total 75776K, used 10382K [0x000000076b700000, 0x0000000770b80000, 0x00000007c0000000)
  eden space 65024K, 0% used [0x000000076b700000,0x000000076b700000,0x000000076f680000)
  from space 10752K, 96% used [0x000000076f680000,0x00000007700a3ae0,0x0000000770100000)
  to   space 10752K, 0% used [0x0000000770100000,0x0000000770100000,0x0000000770b80000)
 ParOldGen       total 173568K, used 16K [0x00000006c2400000, 0x00000006ccd80000, 0x000000076b700000)
  object space 173568K, 0% used [0x00000006c2400000,0x00000006c2404000,0x00000006ccd80000)
 Metaspace       used 12013K, capacity 12206K, committed 12416K, reserved 1060864K
  class space    used 1477K, capacity 1573K, committed 1664K, reserved 1048576K
}

Deoptimization events (10 events):
Event: 2.204 Thread 0x000000000255d800 Uncommon trap: reason=unstable_if action=reinterpret pc=0x0000000004a33148 method=sun.misc.MetaIndex.mayContain(Ljava/lang/String;)Z @ 38
Event: 2.293 Thread 0x000000000255d800 Uncommon trap: reason=unstable_if action=reinterpret pc=0x0000000004b57c34 method=java.lang.String.startsWith(Ljava/lang/String;I)Z @ 25
Event: 2.293 Thread 0x000000000255d800 Uncommon trap: reason=unstable_if action=reinterpret pc=0x00000000049c83f8 method=java.lang.String.startsWith(Ljava/lang/String;I)Z @ 25
Event: 2.312 Thread 0x000000000255d800 Uncommon trap: reason=bimorphic action=maybe_recompile pc=0x0000000004d67f60 method=java.util.regex.Pattern$CharProperty.match(Ljava/util/regex/Matcher;ILjava/lang/CharSequence;)Z @ 37
Event: 2.313 Thread 0x000000000255d800 Uncommon trap: reason=bimorphic action=maybe_recompile pc=0x0000000004d67f60 method=java.util.regex.Pattern$CharProperty.match(Ljava/util/regex/Matcher;ILjava/lang/CharSequence;)Z @ 37
Event: 2.323 Thread 0x000000000255d800 Uncommon trap: reason=bimorphic action=maybe_recompile pc=0x0000000004d67f60 method=java.util.regex.Pattern$CharProperty.match(Ljava/util/regex/Matcher;ILjava/lang/CharSequence;)Z @ 37
Event: 2.323 Thread 0x000000000255d800 Uncommon trap: reason=bimorphic action=maybe_recompile pc=0x0000000004d67f60 method=java.util.regex.Pattern$CharProperty.match(Ljava/util/regex/Matcher;ILjava/lang/CharSequence;)Z @ 37
Event: 2.324 Thread 0x000000000255d800 Uncommon trap: reason=unstable_if action=reinterpret pc=0x0000000004db5a08 method=sun.nio.cs.UTF_8$Decoder.decode([BII[C)I @ 30
Event: 2.325 Thread 0x000000000255d800 Uncommon trap: reason=unstable_if action=reinterpret pc=0x0000000004afdf8c method=sun.nio.cs.UTF_8$Decoder.decodeArrayLoop(Ljava/nio/ByteBuffer;Ljava/nio/CharBuffer;)Ljava/nio/charset/CoderResult; @ 84
Event: 2.352 Thread 0x000000000255d800 Uncommon trap: reason=unstable_if action=reinterpret pc=0x0000000004ddc294 method=org.codehaus.plexus.util.xml.pull.MXParser.nextImpl()I @ 1161

Internal exceptions (10 events):
Event: 2.045 Thread 0x000000000255d800 Exception <a 'java/lang/NoClassDefFoundError': javax/annotation/Priority> (0x000000076c0a1d48) thrown at [D:\re\workspace\8-2-build-windows-amd64-cygwin\jdk8u92\6642\hotspot\src\share\vm\classfile\systemDictionary.cpp, line 199]
Event: 2.124 Thread 0x000000000255d800 Implicit null exception at 0x00000000049effd8 to 0x00000000049f01cd
Event: 2.166 Thread 0x000000000255d800 Exception <a 'java/lang/NullPointerException'> (0x000000076c5e2570) thrown at [D:\re\workspace\8-2-build-windows-amd64-cygwin\jdk8u92\6642\hotspot\src\share\vm\interpreter\linkResolver.cpp, line 1178]
Event: 2.166 Thread 0x000000000255d800 Exception <a 'java/lang/NullPointerException'> (0x000000076c5e2788) thrown at [D:\re\workspace\8-2-build-windows-amd64-cygwin\jdk8u92\6642\hotspot\src\share\vm\interpreter\linkResolver.cpp, line 1178]
Event: 2.166 Thread 0x000000000255d800 Exception <a 'java/lang/NullPointerException'> (0x000000076c5e29a0) thrown at [D:\re\workspace\8-2-build-windows-amd64-cygwin\jdk8u92\6642\hotspot\src\share\vm\interpreter\linkResolver.cpp, line 1178]
Event: 2.166 Thread 0x000000000255d800 Exception <a 'java/lang/NullPointerException'> (0x000000076c5ec458) thrown at [D:\re\workspace\8-2-build-windows-amd64-cygwin\jdk8u92\6642\hotspot\src\share\vm\interpreter\linkResolver.cpp, line 1178]
Event: 2.166 Thread 0x000000000255d800 Exception <a 'java/lang/NullPointerException'> (0x000000076c5ec670) thrown at [D:\re\workspace\8-2-build-windows-amd64-cygwin\jdk8u92\6642\hotspot\src\share\vm\interpreter\linkResolver.cpp, line 1178]
Event: 2.166 Thread 0x000000000255d800 Exception <a 'java/lang/NullPointerException'> (0x000000076c5ec888) thrown at [D:\re\workspace\8-2-build-windows-amd64-cygwin\jdk8u92\6642\hotspot\src\share\vm\interpreter\linkResolver.cpp, line 1178]
Event: 2.193 Thread 0x000000000255d800 Implicit null exception at 0x0000000004aafd56 to 0x0000000004ab00a9
Event: 2.193 Thread 0x000000000255d800 Implicit null exception at 0x0000000004a40316 to 0x0000000004a40659

Events (10 events):
Event: 2.354 loading class org/apache/maven/plugin/descriptor/DuplicateParameterException
Event: 2.354 loading class org/apache/maven/plugin/descriptor/DuplicateParameterException done
Event: 2.354 loading class org/apache/maven/plugin/descriptor/Parameter
Event: 2.354 loading class org/apache/maven/plugin/descriptor/Parameter done
Event: 2.355 loading class org/codehaus/plexus/component/repository/ComponentDependency
Event: 2.355 loading class org/codehaus/plexus/component/repository/ComponentDependency done
Event: 2.356 loading class org/apache/maven/plugin/MavenPluginValidator
Event: 2.356 loading class org/apache/maven/plugin/MavenPluginValidator done
Event: 2.359 Thread 0x000000000255d800 DEOPT PACKING pc=0x0000000004dc744a sp=0x000000000272d3b0
Event: 2.359 Thread 0x000000000255d800 DEOPT UNPACKING pc=0x000000000488787f sp=0x000000000272d230 mode 0


Dynamic libraries:
0x00007ff62c170000 - 0x00007ff62c1a7000 	D:\Java\jdk1.8-u92\bin\javaw.exe
0x00007ffc4bd40000 - 0x00007ffc4bf30000 	C:\WINDOWS\SYSTEM32\ntdll.dll
0x00007ffc4b510000 - 0x00007ffc4b5c2000 	C:\WINDOWS\System32\KERNEL32.DLL
0x00007ffc49b10000 - 0x00007ffc49db4000 	C:\WINDOWS\System32\KERNELBASE.dll
0x00007ffc4ba50000 - 0x00007ffc4baf3000 	C:\WINDOWS\System32\ADVAPI32.dll
0x00007ffc49df0000 - 0x00007ffc49e8e000 	C:\WINDOWS\System32\msvcrt.dll
0x00007ffc49fc0000 - 0x00007ffc4a057000 	C:\WINDOWS\System32\sechost.dll
0x00007ffc4b5d0000 - 0x00007ffc4b6f0000 	C:\WINDOWS\System32\RPCRT4.dll
0x00007ffc4b370000 - 0x00007ffc4b504000 	C:\WINDOWS\System32\USER32.dll
0x00007ffc49990000 - 0x00007ffc499b1000 	C:\WINDOWS\System32\win32u.dll
0x00007ffc49e90000 - 0x00007ffc49eb6000 	C:\WINDOWS\System32\GDI32.dll
0x00007ffc49790000 - 0x00007ffc49925000 	C:\WINDOWS\System32\gdi32full.dll
0x00007ffc48cd0000 - 0x00007ffc48d6e000 	C:\WINDOWS\System32\msvcp_win.dll
0x00007ffc48d70000 - 0x00007ffc48e6a000 	C:\WINDOWS\System32\ucrtbase.dll
0x00007ffc397e0000 - 0x00007ffc39a64000 	C:\WINDOWS\WinSxS\amd64_microsoft.windows.common-controls_6595b64144ccf1df_6.0.18362.900_none_e6beb9d913147d17\COMCTL32.dll
0x00007ffc4b6f0000 - 0x00007ffc4ba25000 	C:\WINDOWS\System32\combase.dll
0x00007ffc49710000 - 0x00007ffc49790000 	C:\WINDOWS\System32\bcryptPrimitives.dll
0x00007ffc4bc10000 - 0x00007ffc4bc3e000 	C:\WINDOWS\System32\IMM32.DLL
0x0000000071290000 - 0x00000000712fe000 	c:\program files (x86)\f-secure\hips\fshook64.dll
0x00007ffc49fb0000 - 0x00007ffc49fb8000 	C:\WINDOWS\System32\PSAPI.DLL
0x000000006f490000 - 0x000000006f562000 	D:\Java\jdk1.8-u92\jre\bin\msvcr100.dll
0x000000006e9b0000 - 0x000000006f246000 	D:\Java\jdk1.8-u92\jre\bin\server\jvm.dll
0x00007ffc37c90000 - 0x00007ffc37c99000 	C:\WINDOWS\SYSTEM32\WSOCK32.dll
0x00007ffc4a7f0000 - 0x00007ffc4a85f000 	C:\WINDOWS\System32\WS2_32.dll
0x00007ffc3f230000 - 0x00007ffc3f23a000 	C:\WINDOWS\SYSTEM32\VERSION.dll
0x00007ffc39e40000 - 0x00007ffc39e64000 	C:\WINDOWS\SYSTEM32\WINMM.dll
0x00007ffc39bf0000 - 0x00007ffc39c1d000 	C:\WINDOWS\SYSTEM32\winmmbase.dll
0x00007ffc496c0000 - 0x00007ffc4970a000 	C:\WINDOWS\System32\cfgmgr32.dll
0x0000000071080000 - 0x000000007108f000 	D:\Java\jdk1.8-u92\jre\bin\verify.dll
0x000000006f460000 - 0x000000006f489000 	D:\Java\jdk1.8-u92\jre\bin\java.dll
0x000000006f440000 - 0x000000006f456000 	D:\Java\jdk1.8-u92\jre\bin\zip.dll
0x00007ffc4a860000 - 0x00007ffc4af46000 	C:\WINDOWS\System32\SHELL32.dll
0x00007ffc4bc40000 - 0x00007ffc4bce9000 	C:\WINDOWS\System32\shcore.dll
0x00007ffc48e70000 - 0x00007ffc495f0000 	C:\WINDOWS\System32\windows.storage.dll
0x00007ffc48c80000 - 0x00007ffc48ca3000 	C:\WINDOWS\System32\profapi.dll
0x00007ffc48c30000 - 0x00007ffc48c7a000 	C:\WINDOWS\System32\powrprof.dll
0x00007ffc48c00000 - 0x00007ffc48c10000 	C:\WINDOWS\System32\UMPDC.dll
0x00007ffc4bbb0000 - 0x00007ffc4bc02000 	C:\WINDOWS\System32\shlwapi.dll
0x00007ffc48c10000 - 0x00007ffc48c21000 	C:\WINDOWS\System32\kernel.appcore.dll
0x00007ffc496a0000 - 0x00007ffc496b7000 	C:\WINDOWS\System32\cryptsp.dll
0x00007ffc47fe0000 - 0x00007ffc48013000 	C:\WINDOWS\system32\rsaenh.dll
0x00007ffc49dc0000 - 0x00007ffc49de6000 	C:\WINDOWS\System32\bcrypt.dll
0x00007ffc48b20000 - 0x00007ffc48b45000 	C:\WINDOWS\SYSTEM32\USERENV.dll
0x00007ffc48640000 - 0x00007ffc4864c000 	C:\WINDOWS\SYSTEM32\CRYPTBASE.dll
0x000000006f420000 - 0x000000006f43a000 	D:\Java\jdk1.8-u92\jre\bin\net.dll
0x00007ffc48470000 - 0x00007ffc484d7000 	C:\WINDOWS\system32\mswsock.dll
0x00007ffc48180000 - 0x00007ffc481ba000 	C:\WINDOWS\SYSTEM32\IPHLPAPI.DLL
0x00007ffc4bcf0000 - 0x00007ffc4bcf8000 	C:\WINDOWS\System32\NSI.dll
0x00007ffc3fca0000 - 0x00007ffc3fcb6000 	C:\WINDOWS\SYSTEM32\dhcpcsvc6.DLL
0x00007ffc3fc80000 - 0x00007ffc3fc9c000 	C:\WINDOWS\SYSTEM32\dhcpcsvc.DLL
0x00007ffc481c0000 - 0x00007ffc4828b000 	C:\WINDOWS\SYSTEM32\DNSAPI.dll
0x000000006f400000 - 0x000000006f411000 	D:\Java\jdk1.8-u92\jre\bin\nio.dll
0x00007ffc41660000 - 0x00007ffc4166a000 	C:\Users\axel.amthor\AppData\Local\Temp\jansi-1.17.1-7499617235005256831.dll
0x00007ffc3b8a0000 - 0x00007ffc3b8aa000 	C:\Users\axel.amthor\AppData\Local\Temp\jansi-1.17.1-4806741507272153329.dll

VM Arguments:
jvm_args: -Dmaven.home=EMBEDDED -Dclassworlds.conf=E:\Developement\boomi\.metadata\.plugins\org.eclipse.m2e.launching\launches\m2conf669956415018664537.tmp -Dmaven.multiModuleProjectDirectory=E:\Developement\boomi\BrandMakerMaPl -Dfile.encoding=Cp1252 
java_command: org.codehaus.plexus.classworlds.launcher.Launcher -B -gs E:\Developement\.m2\wrapper\dists\apache-maven-3.6.3-bin\1iopthnavndlasol9gbrbg6bf2\apache-maven-3.6.3\conf\settings.xml clean package
java_class_path (initial): E:\bin\jee-neon\eclipse-2020\eclipse\plugins\org.eclipse.m2e.maven.runtime_1.15.0.20200310-1832\jars\plexus-classworlds-2.6.0.jar
Launcher Type: SUN_STANDARD

Environment Variables:
JAVA_HOME=D:\Java\jdk13.0.2
PATH=D:/Java/jdk13.0.2/bin/server;D:/Java/jdk13.0.2/bin;C:\Program Files (x86)\Business Objects\Common\3.5\bin\NOTES\;C:\Program Files (x86)\Business Objects\Common\3.5\bin\NOTES\DATA\;C:\Python27\;C:\Python27\Scripts;C:\Windows\system32;C:\Windows;C:\Windows\System32\Wbem;C:\Windows\System32\WindowsPowerShell\v1.0\;C:\Program Files (x86)\NVIDIA Corporation\PhysX\Common;C:\Program Files\OpenVPN\bin;C:\WINDOWS\system32;C:\WINDOWS;C:\WINDOWS\System32\Wbem;C:\WINDOWS\System32\WindowsPowerShell\v1.0\;C:\WINDOWS\System32\OpenSSH\;D:\php;C:\ProgramData\ComposerSetup\bin;C:\Program Files\NVIDIA Corporation\NVIDIA NvDLISR;C:\Program Files\dotnet\;C:\WINDOWS\system32;C:\WINDOWS;C:\WINDOWS\System32\Wbem;C:\WINDOWS\System32\WindowsPowerShell\v1.0\;C:\WINDOWS\System32\OpenSSH\;E:\bin\apache-maven-3.6.3\bin;D:\Java\jdk13.0.2\bin;C:\Program Files\nodejs\;C:\ProgramData\chocolatey\bin;C:\Program Files (x86)\Intel\Intel(R) Management Engine Components\DAL;C:\Program Files\Intel\Intel(R) Management Engine Components\DAL;C:\Users\axel.amthor\AppData\Local\Microsoft\WindowsApps;C:\Users\axel.amthor\AppData\Local\Microsoft\WindowsApps;C:\Users\axel.amthor\AppData\Roaming\Composer\vendor\bin;C:\Users\axel.amthor\AppData\Roaming\npm;C:\Users\axel.amthor\AppData\Local\GitHubDesktop\bin;E:\bin\jee-neon\eclipse-2020\eclipse;
USERNAME=axel.amthor
OS=Windows_NT
PROCESSOR_IDENTIFIER=Intel64 Family 6 Model 158 Stepping 9, GenuineIntel



---------------  S Y S T E M  ---------------

OS: Windows 10.0 , 64 bit Build 18362 (10.0.18362.900)

CPU:total 8 (4 cores per cpu, 2 threads per core) family 6 model 158 stepping 9, cmov, cx8, fxsr, mmx, sse, sse2, sse3, ssse3, sse4.1, sse4.2, popcnt, avx, avx2, aes, clmul, erms, 3dnowpref, lzcnt, ht, tsc, tscinvbit, bmi1, bmi2, adx

Memory: 4k page, physical 16629368k(1819232k free), swap 35573368k(5684k free)

vm_info: Java HotSpot(TM) 64-Bit Server VM (25.92-b14) for windows-amd64 JRE (1.8.0_92-b14), built on Mar 31 2016 21:03:04 by "java_re" with MS VC++ 10.0 (VS2010)

time: Wed Jul 15 13:10:05 2020
elapsed time: 2 seconds (0d 0h 0m 2s)

